5_semester/Кроссплатформенное/lab7/app/build/intermediates/manifest_merge_blame_file/debug/processDebugMainManifest/manifest-merger-blame-debug-report.txt
1<?xml version="1.0" encoding="utf-8"?>
2<manifest xmlns:android="http://schemas.android.com/apk/res/android"
3    package="com.example.autotasks"
4    android:versionCode="1"
5    android:versionName="1.0" >
6
7    <uses-sdk
8        android:minSdkVersion="26"
9        android:targetSdkVersion="36" />
10
11    <uses-permission android:name="android.permission.INTERNET" />
11-->src/main/AndroidManifest.xml:4:5-67
11-->src/main/AndroidManifest.xml:4:22-64
12    <uses-permission android:name="android.permission.ACCESS_NETWORK_STATE" />
12-->src/main/AndroidManifest.xml:5:5-78
12-->src/main/AndroidManifest.xml:5:22-76
13    <uses-permission android:name="android.permission.ACCESS_FINE_LOCATION" />
13-->src/main/AndroidManifest.xml:6:5-79
13-->src/main/AndroidManifest.xml:6:22-76
14    <uses-permission android:name="android.permission.ACCESS_COARSE_LOCATION" />
14-->src/main/AndroidManifest.xml:7:5-81
14-->src/main/AndroidManifest.xml:7:22-78
15    <uses-permission android:name="android.permission.ACCESS_WIFI_STATE" />
15-->[com.yandex.android:maps.mobile:4.4.0-full] AndroidManifest.xml:15:5-76
15-->[com.yandex.android:maps.mobile:4.4.0-full] AndroidManifest.xml:15:22-73
16    <uses-permission android:name="android.permission.CHANGE_WIFI_STATE" />
16-->[com.yandex.android:maps.mobile:4.4.0-full] AndroidManifest.xml:16:5-76
16-->[com.yandex.android:maps.mobile:4.4.0-full] AndroidManifest.xml:16:22-73
17    <uses-permission android:name="android.permission.WAKE_LOCK" />
17-->[com.yandex.android:maps.mobile:4.4.0-full] AndroidManifest.xml:21:5-68
17-->[com.yandex.android:maps.mobile:4.4.0-full] AndroidManifest.xml:21:22-65
18    <uses-permission android:name="android.permission.RECEIVE_BOOT_COMPLETED" />
18-->[com.yandex.android:maps.mobile:4.4.0-full] AndroidManifest.xml:22:5-81
18-->[com.yandex.android:maps.mobile:4.4.0-full] AndroidManifest.xml:22:22-78
19
20    <permission
20-->[androidx.core:core:1.13.0] AndroidManifest.xml:22:5-24:47
21        android:name="com.example.autotasks.DYNAMIC_RECEIVER_NOT_EXPORTED_PERMISSION"
21-->[androidx.core:core:1.13.0] AndroidManifest.xml:23:9-81
22        android:protectionLevel="signature" />
22-->[androidx.core:core:1.13.0] AndroidManifest.xml:24:9-44
23
24    <uses-permission android:name="com.example.autotasks.DYNAMIC_RECEIVER_NOT_EXPORTED_PERMISSION" />
24-->[androidx.core:core:1.13.0] AndroidManifest.xml:26:5-97
24-->[androidx.core:core:1.13.0] AndroidManifest.xml:26:22-94
25
26    <application
26-->src/main/AndroidManifest.xml:10:5-53:19
27        android:allowBackup="true"
27-->src/main/AndroidManifest.xml:11:9-35
28        android:appComponentFactory="androidx.core.app.CoreComponentFactory"
28-->[androidx.core:core:1.13.0] AndroidManifest.xml:28:18-86
29        android:dataExtractionRules="@xml/data_extraction_rules"
29-->src/main/AndroidManifest.xml:12:9-65
30        android:debuggable="true"
31        android:extractNativeLibs="false"
32        android:fullBackupContent="@xml/backup_rules"
32-->src/main/AndroidManifest.xml:13:9-54
33        android:icon="@mipmap/ic_launcher"
33-->src/main/AndroidManifest.xml:14:9-43
34        android:label="@string/app_name"
34-->src/main/AndroidManifest.xml:15:9-41
35        android:roundIcon="@mipmap/ic_launcher_round"
35-->src/main/AndroidManifest.xml:16:9-54
36        android:supportsRtl="true"
36-->src/main/AndroidManifest.xml:17:9-35
37        android:testOnly="true"
38        android:theme="@style/Theme.AutoTasks"
38-->src/main/AndroidManifest.xml:18:9-47
39        android:usesCleartextTraffic="true" >
39-->src/main/AndroidManifest.xml:19:9-44
40        <meta-data
40-->src/main/AndroidManifest.xml:21:9-23:68
41            android:name="com.yandex.mapkit.ApiKey"
41-->src/main/AndroidManifest.xml:22:13-52
42            android:value="8975e7ac-e7be-47ef-8f5d-4a0a08c3af04" />
42-->src/main/AndroidManifest.xml:23:13-65
43
44        <activity
44-->src/main/AndroidManifest.xml:24:9-32:20
45            android:name="com.example.autotasks.MainActivity"
45-->src/main/AndroidManifest.xml:25:13-41
46            android:exported="true" >
46-->src/main/AndroidManifest.xml:26:13-36
47            <intent-filter>
47-->src/main/AndroidManifest.xml:27:13-31:29
48                <action android:name="android.intent.action.MAIN" />
48-->src/main/AndroidManifest.xml:28:17-69
48-->src/main/AndroidManifest.xml:28:25-66
49
50                <category android:name="android.intent.category.LAUNCHER" />
50-->src/main/AndroidManifest.xml:30:17-77
50-->src/main/AndroidManifest.xml:30:27-74
51            </intent-filter>
52        </activity>
53        <activity
53-->src/main/AndroidManifest.xml:33:9-37:58
54            android:name="com.example.autotasks.AddDriverActivity"
54-->src/main/AndroidManifest.xml:34:13-46
55            android:exported="false"
55-->src/main/AndroidManifest.xml:35:13-37
56            android:label="Добавить гонщика"
56-->src/main/AndroidManifest.xml:36:13-45
57            android:parentActivityName="com.example.autotasks.MainActivity" />
57-->src/main/AndroidManifest.xml:37:13-55
58        <activity
58-->src/main/AndroidManifest.xml:38:9-42:58
59            android:name="com.example.autotasks.EditDriverActivity"
59-->src/main/AndroidManifest.xml:39:13-47
60            android:exported="false"
60-->src/main/AndroidManifest.xml:40:13-37
61            android:label="Редактировать гонщика"
61-->src/main/AndroidManifest.xml:41:13-50
62            android:parentActivityName="com.example.autotasks.MainActivity" />
62-->src/main/AndroidManifest.xml:42:13-55
63        <activity
63-->src/main/AndroidManifest.xml:43:9-47:58
64            android:name="com.example.autotasks.MapActivity"
64-->src/main/AndroidManifest.xml:44:13-40
65            android:exported="false"
65-->src/main/AndroidManifest.xml:45:13-37
66            android:label="Карта Москвы"
66-->src/main/AndroidManifest.xml:46:13-41
67            android:parentActivityName="com.example.autotasks.MainActivity" />
67-->src/main/AndroidManifest.xml:47:13-55
68        <activity
68-->src/main/AndroidManifest.xml:48:9-52:58
69            android:name="com.example.autotasks.ArrayOptimizationActivity"
69-->src/main/AndroidManifest.xml:49:13-54
70            android:exported="false"
70-->src/main/AndroidManifest.xml:50:13-37
71            android:label="Оптимизация массивов"
71-->src/main/AndroidManifest.xml:51:13-49
72            android:parentActivityName="com.example.autotasks.MainActivity" />
72-->src/main/AndroidManifest.xml:52:13-55
73
74        <meta-data
74-->[com.yandex.android:maps.mobile:4.4.0-full] AndroidManifest.xml:25:9-27:38
75            android:name="yandex.maps.runtime.stl.linkage"
75-->[com.yandex.android:maps.mobile:4.4.0-full] AndroidManifest.xml:26:13-59
76            android:value="static" />
76-->[com.yandex.android:maps.mobile:4.4.0-full] AndroidManifest.xml:27:13-35
77
78        <service
78-->[com.yandex.android:maps.mobile:4.4.0-full] AndroidManifest.xml:29:9-32:72
79            android:name="com.evernote.android.job.patched.internal.v21.PlatformJobService"
79-->[com.yandex.android:maps.mobile:4.4.0-full] AndroidManifest.xml:30:13-92
80            android:exported="false"
80-->[com.yandex.android:maps.mobile:4.4.0-full] AndroidManifest.xml:31:13-37
81            android:permission="android.permission.BIND_JOB_SERVICE" />
81-->[com.yandex.android:maps.mobile:4.4.0-full] AndroidManifest.xml:32:13-69
82        <service
82-->[com.yandex.android:maps.mobile:4.4.0-full] AndroidManifest.xml:33:9-36:72
83            android:name="com.evernote.android.job.patched.internal.v14.PlatformAlarmService"
83-->[com.yandex.android:maps.mobile:4.4.0-full] AndroidManifest.xml:34:13-94
84            android:exported="false"
84-->[com.yandex.android:maps.mobile:4.4.0-full] AndroidManifest.xml:35:13-37
85            android:permission="android.permission.BIND_JOB_SERVICE" />
85-->[com.yandex.android:maps.mobile:4.4.0-full] AndroidManifest.xml:36:13-69
86        <service
86-->[com.yandex.android:maps.mobile:4.4.0-full] AndroidManifest.xml:37:9-39:40
87            android:name="com.evernote.android.job.patched.internal.v14.PlatformAlarmServiceExact"
87-->[com.yandex.android:maps.mobile:4.4.0-full] AndroidManifest.xml:38:13-99
88            android:exported="false" />
88-->[com.yandex.android:maps.mobile:4.4.0-full] AndroidManifest.xml:39:13-37
89
90        <receiver
90-->[com.yandex.android:maps.mobile:4.4.0-full] AndroidManifest.xml:41:9-50:20
91            android:name="com.evernote.android.job.patched.internal.v14.PlatformAlarmReceiver"
91-->[com.yandex.android:maps.mobile:4.4.0-full] AndroidManifest.xml:42:13-95
92            android:exported="false" >
92-->[com.yandex.android:maps.mobile:4.4.0-full] AndroidManifest.xml:43:13-37
93            <intent-filter>
93-->[com.yandex.android:maps.mobile:4.4.0-full] AndroidManifest.xml:44:13-49:29
94
95                <!-- Keep the filter for legacy intents -->
96                <action android:name="com.evernote.android.job.patched.internal.v14.RUN_JOB" />
96-->[com.yandex.android:maps.mobile:4.4.0-full] AndroidManifest.xml:47:17-96
96-->[com.yandex.android:maps.mobile:4.4.0-full] AndroidManifest.xml:47:25-93
97                <action android:name="net.vrallev.android.job.v14.RUN_JOB" />
97-->[com.yandex.android:maps.mobile:4.4.0-full] AndroidManifest.xml:48:17-78
97-->[com.yandex.android:maps.mobile:4.4.0-full] AndroidManifest.xml:48:25-75
98            </intent-filter>
99        </receiver>
100        <receiver
100-->[com.yandex.android:maps.mobile:4.4.0-full] AndroidManifest.xml:51:9-60:20
101            android:name="com.evernote.android.job.patched.internal.JobBootReceiver"
101-->[com.yandex.android:maps.mobile:4.4.0-full] AndroidManifest.xml:52:13-85
102            android:exported="false" >
102-->[com.yandex.android:maps.mobile:4.4.0-full] AndroidManifest.xml:53:13-37
103            <intent-filter>
103-->[com.yandex.android:maps.mobile:4.4.0-full] AndroidManifest.xml:54:13-59:29
104                <action android:name="android.intent.action.BOOT_COMPLETED" />
104-->[com.yandex.android:maps.mobile:4.4.0-full] AndroidManifest.xml:55:17-79
104-->[com.yandex.android:maps.mobile:4.4.0-full] AndroidManifest.xml:55:25-76
105                <action android:name="android.intent.action.QUICKBOOT_POWERON" />
105-->[com.yandex.android:maps.mobile:4.4.0-full] AndroidManifest.xml:56:17-82
105-->[com.yandex.android:maps.mobile:4.4.0-full] AndroidManifest.xml:56:25-79
106                <action android:name="com.htc.intent.action.QUICKBOOT_POWERON" />
106-->[com.yandex.android:maps.mobile:4.4.0-full] AndroidManifest.xml:57:17-82
106-->[com.yandex.android:maps.mobile:4.4.0-full] AndroidManifest.xml:57:25-79
107                <action android:name="android.intent.action.MY_PACKAGE_REPLACED" />
107-->[com.yandex.android:maps.mobile:4.4.0-full] AndroidManifest.xml:58:17-84
107-->[com.yandex.android:maps.mobile:4.4.0-full] AndroidManifest.xml:58:25-81
108            </intent-filter>
109        </receiver>
110
111        <service
111-->[com.yandex.android:maps.mobile:4.4.0-full] AndroidManifest.xml:62:9-65:72
112            android:name="com.evernote.android.job.patched.internal.JobRescheduleService"
112-->[com.yandex.android:maps.mobile:4.4.0-full] AndroidManifest.xml:63:13-90
113            android:exported="false"
113-->[com.yandex.android:maps.mobile:4.4.0-full] AndroidManifest.xml:64:13-37
114            android:permission="android.permission.BIND_JOB_SERVICE" />
114-->[com.yandex.android:maps.mobile:4.4.0-full] AndroidManifest.xml:65:13-69
115        <service
115-->[com.yandex.android:maps.mobile:4.4.0-full] AndroidManifest.xml:66:9-69:72
116            android:name="com.yandex.runtime.connectivity.internal.ConnectivityService"
116-->[com.yandex.android:maps.mobile:4.4.0-full] AndroidManifest.xml:67:13-88
117            android:exported="true"
117-->[com.yandex.android:maps.mobile:4.4.0-full] AndroidManifest.xml:68:13-36
118            android:permission="android.permission.BIND_JOB_SERVICE" />
118-->[com.yandex.android:maps.mobile:4.4.0-full] AndroidManifest.xml:69:13-69
119
120        <activity
120-->[com.google.android.gms:play-services-base:18.1.0] AndroidManifest.xml:20:9-22:45
121            android:name="com.google.android.gms.common.api.GoogleApiActivity"
121-->[com.google.android.gms:play-services-base:18.1.0] AndroidManifest.xml:20:19-85
122            android:exported="false"
122-->[com.google.android.gms:play-services-base:18.1.0] AndroidManifest.xml:22:19-43
123            android:theme="@android:style/Theme.Translucent.NoTitleBar" />
123-->[com.google.android.gms:play-services-base:18.1.0] AndroidManifest.xml:21:19-78
124
125        <meta-data
125-->[com.google.android.gms:play-services-basement:18.1.0] AndroidManifest.xml:21:9-23:69
126            android:name="com.google.android.gms.version"
126-->[com.google.android.gms:play-services-basement:18.1.0] AndroidManifest.xml:22:13-58
127            android:value="@integer/google_play_services_version" />
127-->[com.google.android.gms:play-services-basement:18.1.0] AndroidManifest.xml:23:13-66
128
129        <service
129-->[androidx.room:room-runtime:2.6.1] AndroidManifest.xml:24:9-28:63
130            android:name="androidx.room.MultiInstanceInvalidationService"
130-->[androidx.room:room-runtime:2.6.1] AndroidManifest.xml:25:13-74
131            android:directBootAware="true"
131-->[androidx.room:room-runtime:2.6.1] AndroidManifest.xml:26:13-43
132            android:exported="false" />
132-->[androidx.room:room-runtime:2.6.1] AndroidManifest.xml:27:13-37
133
134        <provider
134-->[androidx.emoji2:emoji2:1.2.0] AndroidManifest.xml:24:9-32:20
135            android:name="androidx.startup.InitializationProvider"
135-->[androidx.emoji2:emoji2:1.2.0] AndroidManifest.xml:25:13-67
136            android:authorities="com.example.autotasks.androidx-startup"
136-->[androidx.emoji2:emoji2:1.2.0] AndroidManifest.xml:26:13-68
137            android:exported="false" >
137-->[androidx.emoji2:emoji2:1.2.0] AndroidManifest.xml:27:13-37
138            <meta-data
138-->[androidx.emoji2:emoji2:1.2.0] AndroidManifest.xml:29:13-31:52
139                android:name="androidx.emoji2.text.EmojiCompatInitializer"
139-->[androidx.emoji2:emoji2:1.2.0] AndroidManifest.xml:30:17-75
140                android:value="androidx.startup" />
140-->[androidx.emoji2:emoji2:1.2.0] AndroidManifest.xml:31:17-49
141            <meta-data
141-->[androidx.lifecycle:lifecycle-process:2.6.2] AndroidManifest.xml:29:13-31:52
142                android:name="androidx.lifecycle.ProcessLifecycleInitializer"
142-->[androidx.lifecycle:lifecycle-process:2.6.2] AndroidManifest.xml:30:17-78
143                android:value="androidx.startup" />
143-->[androidx.lifecycle:lifecycle-process:2.6.2] AndroidManifest.xml:31:17-49
144            <meta-data
144-->[androidx.profileinstaller:profileinstaller:1.3.1] AndroidManifest.xml:29:13-31:52
145                android:name="androidx.profileinstaller.ProfileInstallerInitializer"
145-->[androidx.profileinstaller:profileinstaller:1.3.1] AndroidManifest.xml:30:17-85
146                android:value="androidx.startup" />
146-->[androidx.profileinstaller:profileinstaller:1.3.1] AndroidManifest.xml:31:17-49
147        </provider>
148
149        <receiver
149-->[androidx.profileinstaller:profileinstaller:1.3.1] AndroidManifest.xml:34:9-52:20
150            android:name="androidx.profileinstaller.ProfileInstallReceiver"
150-->[androidx.profileinstaller:profileinstaller:1.3.1] AndroidManifest.xml:35:13-76
151            android:directBootAware="false"
151-->[androidx.profileinstaller:profileinstaller:1.3.1] AndroidManifest.xml:36:13-44
152            android:enabled="true"
152-->[androidx.profileinstaller:profileinstaller:1.3.1] AndroidManifest.xml:37:13-35
153            android:exported="true"
153-->[androidx.profileinstaller:profileinstaller:1.3.1] AndroidManifest.xml:38:13-36
154            android:permission="android.permission.DUMP" >
154-->[androidx.profileinstaller:profileinstaller:1.3.1] AndroidManifest.xml:39:13-57
155            <intent-filter>
155-->[androidx.profileinstaller:profileinstaller:1.3.1] AndroidManifest.xml:40:13-42:29
156                <action android:name="androidx.profileinstaller.action.INSTALL_PROFILE" />
156-->[androidx.profileinstaller:profileinstaller:1.3.1] AndroidManifest.xml:41:17-91
156-->[androidx.profileinstaller:profileinstaller:1.3.1] AndroidManifest.xml:41:25-88
157            </intent-filter>
158            <intent-filter>
158-->[androidx.profileinstaller:profileinstaller:1.3.1] AndroidManifest.xml:43:13-45:29
159                <action android:name="androidx.profileinstaller.action.SKIP_FILE" />
159-->[androidx.profileinstaller:profileinstaller:1.3.1] AndroidManifest.xml:44:17-85
159-->[androidx.profileinstaller:profileinstaller:1.3.1] AndroidManifest.xml:44:25-82
160            </intent-filter>
161            <intent-filter>
161-->[androidx.profileinstaller:profileinstaller:1.3.1] AndroidManifest.xml:46:13-48:29
162                <action android:name="androidx.profileinstaller.action.SAVE_PROFILE" />
162-->[androidx.profileinstaller:profileinstaller:1.3.1] AndroidManifest.xml:47:17-88
162-->[androidx.profileinstaller:profileinstaller:1.3.1] AndroidManifest.xml:47:25-85
163            </intent-filter>
164            <intent-filter>
164-->[androidx.profileinstaller:profileinstaller:1.3.1] AndroidManifest.xml:49:13-51:29
165                <action android:name="androidx.profileinstaller.action.BENCHMARK_OPERATION" />
165-->[androidx.profileinstaller:profileinstaller:1.3.1] AndroidManifest.xml:50:17-95
165-->[androidx.profileinstaller:profileinstaller:1.3.1] AndroidManifest.xml:50:25-92
166            </intent-filter>
167        </receiver>
168    </application>
169
170</manifest>